<?xml version="1.0" encoding="UTF-8"?>
<!-- Generated by org.testng.reporters.JUnitReportReporter -->
<testsuite hostname="DESKTOP-MS6U17S" failures="0" tests="1" name="testcases2.Hometest$HomeTest" time="13.331" errors="0" timestamp="2022-03-26T21:24:50 IST" skipped="0">
  <testcase classname="testcases2.Hometest$HomeTest" name="test1" time="13.331"/>
  <system-out/>
</testsuite> <!-- testcases2.Hometest$HomeTest -->
